<?xml version="1.0" encoding="UTF-8"?>
<coverage generated="1780249680763" clover="3.2.0">
  <project timestamp="1780249680763" name="All files">
    <metrics statements="99" coveredstatements="89" conditionals="58" coveredconditionals="33" methods="26" coveredmethods="20" elements="183" coveredelements="142" complexity="0" loc="99" ncloc="99" packages="4" files="4" classes="4"/>
    <package name="constants">
      <metrics statements="2" coveredstatements="2" conditionals="2" coveredconditionals="2" methods="1" coveredmethods="1"/>
      <file name="karma.ts" path="/Users/edouardadam/Ecole/TFE/CritEat/constants/karma.ts">
        <metrics statements="2" coveredstatements="2" conditionals="2" coveredconditionals="2" methods="1" coveredmethods="1"/>
        <line num="7" count="1" type="stmt"/>
        <line num="15" count="10" type="cond" truecount="2" falsecount="0"/>
      </file>
    </package>
    <package name="context">
      <metrics statements="44" coveredstatements="34" conditionals="28" coveredconditionals="11" methods="16" coveredmethods="10"/>
      <file name="AuthContext.tsx" path="/Users/edouardadam/Ecole/TFE/CritEat/context/AuthContext.tsx">
        <metrics statements="44" coveredstatements="34" conditionals="28" coveredconditionals="11" methods="16" coveredmethods="10"/>
        <line num="26" count="3" type="stmt"/>
        <line num="30" count="9" type="cond" truecount="2" falsecount="0"/>
        <line num="31" count="7" type="cond" truecount="1" falsecount="1"/>
        <line num="32" count="7" type="stmt"/>
        <line num="38" count="8" type="stmt"/>
        <line num="39" count="8" type="stmt"/>
        <line num="40" count="8" type="stmt"/>
        <line num="42" count="8" type="stmt"/>
        <line num="44" count="4" type="stmt"/>
        <line num="45" count="4" type="stmt"/>
        <line num="46" count="4" type="cond" truecount="2" falsecount="0"/>
        <line num="47" count="4" type="stmt"/>
        <line num="53" count="4" type="stmt"/>
        <line num="54" count="0" type="stmt"/>
        <line num="55" count="0" type="cond" truecount="0" falsecount="2"/>
        <line num="58" count="4" type="stmt"/>
        <line num="61" count="8" type="stmt"/>
        <line num="66" count="0" type="stmt"/>
        <line num="79" count="0" type="cond" truecount="0" falsecount="2"/>
        <line num="82" count="8" type="stmt"/>
        <line num="83" count="0" type="stmt"/>
        <line num="87" count="0" type="cond" truecount="0" falsecount="2"/>
        <line num="92" count="8" type="stmt"/>
        <line num="97" count="2" type="stmt"/>
        <line num="98" count="2" type="cond" truecount="1" falsecount="1"/>
        <line num="102" count="8" type="stmt"/>
        <line num="106" count="0" type="stmt"/>
        <line num="107" count="0" type="cond" truecount="0" falsecount="2"/>
        <line num="110" count="8" type="stmt"/>
        <line num="111" count="1" type="stmt"/>
        <line num="112" count="8" type="stmt"/>
        <line num="115" count="8" type="stmt"/>
        <line num="116" count="1" type="stmt"/>
        <line num="123" count="1" type="cond" truecount="1" falsecount="1"/>
        <line num="127" count="8" type="stmt"/>
        <line num="128" count="1" type="stmt"/>
        <line num="134" count="1" type="cond" truecount="1" falsecount="1"/>
        <line num="137" count="8" type="stmt"/>
        <line num="138" count="0" type="stmt"/>
        <line num="139" count="0" type="cond" truecount="0" falsecount="2"/>
        <line num="142" count="8" type="stmt"/>
        <line num="166" count="8" type="stmt"/>
        <line num="167" count="8" type="cond" truecount="1" falsecount="1"/>
        <line num="168" count="8" type="stmt"/>
      </file>
    </package>
    <package name="hooks">
      <metrics statements="15" coveredstatements="15" conditionals="8" coveredconditionals="6" methods="2" coveredmethods="2"/>
      <file name="useReviewVote.ts" path="/Users/edouardadam/Ecole/TFE/CritEat/hooks/useReviewVote.ts">
        <metrics statements="15" coveredstatements="15" conditionals="8" coveredconditionals="6" methods="2" coveredmethods="2"/>
        <line num="21" count="9" type="stmt"/>
        <line num="23" count="9" type="stmt"/>
        <line num="25" count="5" type="stmt"/>
        <line num="26" count="5" type="stmt"/>
        <line num="27" count="5" type="stmt"/>
        <line num="28" count="5" type="cond" truecount="2" falsecount="0"/>
        <line num="30" count="4" type="cond" truecount="2" falsecount="0"/>
        <line num="32" count="1" type="stmt"/>
        <line num="37" count="1" type="cond" truecount="1" falsecount="1"/>
        <line num="38" count="1" type="stmt"/>
        <line num="42" count="3" type="stmt"/>
        <line num="48" count="3" type="cond" truecount="1" falsecount="1"/>
        <line num="49" count="3" type="stmt"/>
        <line num="51" count="5" type="stmt"/>
        <line num="57" count="9" type="stmt"/>
      </file>
    </package>
    <package name="lib">
      <metrics statements="38" coveredstatements="38" conditionals="20" coveredconditionals="14" methods="7" coveredmethods="7"/>
      <file name="secureStoreAdapter.ts" path="/Users/edouardadam/Ecole/TFE/CritEat/lib/secureStoreAdapter.ts">
        <metrics statements="38" coveredstatements="38" conditionals="20" coveredconditionals="14" methods="7" coveredmethods="7"/>
        <line num="21" count="2" type="stmt"/>
        <line num="24" count="20" type="stmt"/>
        <line num="25" count="27" type="stmt"/>
        <line num="27" count="2" type="stmt"/>
        <line num="31" count="2" type="stmt"/>
        <line num="36" count="13" type="stmt"/>
        <line num="37" count="13" type="cond" truecount="2" falsecount="0"/>
        <line num="38" count="6" type="stmt"/>
        <line num="39" count="6" type="cond" truecount="3" falsecount="1"/>
        <line num="43" count="2" type="stmt"/>
        <line num="44" count="2" type="stmt"/>
        <line num="45" count="5" type="stmt"/>
        <line num="47" count="2" type="stmt"/>
        <line num="50" count="2" type="stmt"/>
        <line num="52" count="6" type="cond" truecount="1" falsecount="1"/>
        <line num="54" count="6" type="stmt"/>
        <line num="55" count="6" type="cond" truecount="2" falsecount="0"/>
        <line num="57" count="4" type="stmt"/>
        <line num="58" count="4" type="stmt"/>
        <line num="59" count="8" type="stmt"/>
        <line num="62" count="8" type="cond" truecount="1" falsecount="1"/>
        <line num="63" count="8" type="stmt"/>
        <line num="65" count="4" type="stmt"/>
        <line num="69" count="6" type="cond" truecount="1" falsecount="1"/>
        <line num="72" count="6" type="stmt"/>
        <line num="73" count="6" type="stmt"/>
        <line num="74" count="14" type="stmt"/>
        <line num="77" count="6" type="cond" truecount="1" falsecount="1"/>
        <line num="79" count="6" type="stmt"/>
        <line num="82" count="6" type="stmt"/>
        <line num="83" count="14" type="stmt"/>
        <line num="85" count="6" type="stmt"/>
        <line num="88" count="6" type="cond" truecount="2" falsecount="0"/>
        <line num="89" count="1" type="stmt"/>
        <line num="94" count="1" type="cond" truecount="1" falsecount="1"/>
        <line num="96" count="1" type="stmt"/>
        <line num="97" count="1" type="stmt"/>
        <line num="98" count="1" type="stmt"/>
      </file>
    </package>
  </project>
</coverage>
