{"/Users/edouardadam/Ecole/TFE/CritEat/constants/karma.ts": {"path":"/Users/edouardadam/Ecole/TFE/CritEat/constants/karma.ts","statementMap":{"0":{"start":{"line":7,"column":95},"end":{"line":11,"column":1}},"1":{"start":{"line":15,"column":2},"end":{"line":15,"column":66}}},"fnMap":{"0":{"name":"getKarma","decl":{"start":{"line":14,"column":16},"end":{"line":14,"column":24}},"loc":{"start":{"line":14,"column":58},"end":{"line":16,"column":1}},"line":14}},"branchMap":{"0":{"loc":{"start":{"line":15,"column":9},"end":{"line":15,"column":65}},"type":"binary-expr","locations":[{"start":{"line":15,"column":9},"end":{"line":15,"column":42}},{"start":{"line":15,"column":46},"end":{"line":15,"column":65}}],"line":15}},"s":{"0":1,"1":10},"f":{"0":10},"b":{"0":[10,4]},"_coverageSchema":"1a1c01bbd47fc00a2c39e90264f33305004495a9","hash":"fa75678af6dbee730aaaedc775ab6e0a1acd6039"}
,"/Users/edouardadam/Ecole/TFE/CritEat/context/AuthContext.tsx": {"path":"/Users/edouardadam/Ecole/TFE/CritEat/context/AuthContext.tsx","statementMap":{"0":{"start":{"line":26,"column":20},"end":{"line":26,"column":73}},"1":{"start":{"line":30,"column":2},"end":{"line":30,"column":26}},"2":{"start":{"line":30,"column":13},"end":{"line":30,"column":26}},"3":{"start":{"line":31,"column":15},"end":{"line":31,"column":39}},"4":{"start":{"line":32,"column":2},"end":{"line":34,"column":4}},"5":{"start":{"line":38,"column":26},"end":{"line":38,"column":53}},"6":{"start":{"line":39,"column":32},"end":{"line":39,"column":62}},"7":{"start":{"line":40,"column":32},"end":{"line":40,"column":46}},"8":{"start":{"line":42,"column":2},"end":{"line":59,"column":9}},"9":{"start":{"line":44,"column":4},"end":{"line":48,"column":7}},"10":{"start":{"line":45,"column":6},"end":{"line":45,"column":26}},"11":{"start":{"line":46,"column":6},"end":{"line":46,"column":37}},"12":{"start":{"line":47,"column":6},"end":{"line":47,"column":24}},"13":{"start":{"line":53,"column":8},"end":{"line":56,"column":6}},"14":{"start":{"line":54,"column":6},"end":{"line":54,"column":26}},"15":{"start":{"line":55,"column":6},"end":{"line":55,"column":37}},"16":{"start":{"line":58,"column":4},"end":{"line":58,"column":44}},"17":{"start":{"line":58,"column":17},"end":{"line":58,"column":43}},"18":{"start":{"line":61,"column":17},"end":{"line":80,"column":3}},"19":{"start":{"line":66,"column":22},"end":{"line":78,"column":6}},"20":{"start":{"line":79,"column":4},"end":{"line":79,"column":27}},"21":{"start":{"line":79,"column":15},"end":{"line":79,"column":27}},"22":{"start":{"line":82,"column":17},"end":{"line":88,"column":3}},"23":{"start":{"line":83,"column":22},"end":{"line":86,"column":6}},"24":{"start":{"line":87,"column":4},"end":{"line":87,"column":27}},"25":{"start":{"line":87,"column":15},"end":{"line":87,"column":27}},"26":{"start":{"line":92,"column":20},"end":{"line":99,"column":3}},"27":{"start":{"line":97,"column":22},"end":{"line":97,"column":75}},"28":{"start":{"line":98,"column":4},"end":{"line":98,"column":27}},"29":{"start":{"line":98,"column":15},"end":{"line":98,"column":27}},"30":{"start":{"line":102,"column":21},"end":{"line":108,"column":3}},"31":{"start":{"line":106,"column":22},"end":{"line":106,"column":65}},"32":{"start":{"line":107,"column":4},"end":{"line":107,"column":27}},"33":{"start":{"line":107,"column":15},"end":{"line":107,"column":27}},"34":{"start":{"line":110,"column":26},"end":{"line":111,"column":37}},"35":{"start":{"line":111,"column":4},"end":{"line":111,"column":37}},"36":{"start":{"line":112,"column":27},"end":{"line":112,"column":73}},"37":{"start":{"line":112,"column":46},"end":{"line":112,"column":73}},"38":{"start":{"line":115,"column":24},"end":{"line":124,"column":3}},"39":{"start":{"line":116,"column":22},"end":{"line":122,"column":6}},"40":{"start":{"line":123,"column":4},"end":{"line":123,"column":27}},"41":{"start":{"line":123,"column":15},"end":{"line":123,"column":27}},"42":{"start":{"line":127,"column":26},"end":{"line":135,"column":3}},"43":{"start":{"line":128,"column":22},"end":{"line":133,"column":6}},"44":{"start":{"line":134,"column":4},"end":{"line":134,"column":27}},"45":{"start":{"line":134,"column":15},"end":{"line":134,"column":27}},"46":{"start":{"line":137,"column":18},"end":{"line":140,"column":3}},"47":{"start":{"line":138,"column":22},"end":{"line":138,"column":51}},"48":{"start":{"line":139,"column":4},"end":{"line":139,"column":27}},"49":{"start":{"line":139,"column":15},"end":{"line":139,"column":27}},"50":{"start":{"line":142,"column":2},"end":{"line":161,"column":4}},"51":{"start":{"line":166,"column":18},"end":{"line":166,"column":41}},"52":{"start":{"line":167,"column":2},"end":{"line":167,"column":79}},"53":{"start":{"line":167,"column":16},"end":{"line":167,"column":79}},"54":{"start":{"line":168,"column":2},"end":{"line":168,"column":17}}},"fnMap":{"0":{"name":"hasValidConsent","decl":{"start":{"line":29,"column":16},"end":{"line":29,"column":31}},"loc":{"start":{"line":29,"column":60},"end":{"line":35,"column":1}},"line":29},"1":{"name":"AuthProvider","decl":{"start":{"line":37,"column":16},"end":{"line":37,"column":28}},"loc":{"start":{"line":37,"column":74},"end":{"line":162,"column":1}},"line":37},"2":{"name":"(anonymous_2)","decl":{"start":{"line":42,"column":12},"end":{"line":42,"column":13}},"loc":{"start":{"line":42,"column":18},"end":{"line":59,"column":3}},"line":42},"3":{"name":"(anonymous_3)","decl":{"start":{"line":44,"column":36},"end":{"line":44,"column":37}},"loc":{"start":{"line":44,"column":63},"end":{"line":48,"column":5}},"line":44},"4":{"name":"(anonymous_4)","decl":{"start":{"line":53,"column":40},"end":{"line":53,"column":41}},"loc":{"start":{"line":53,"column":61},"end":{"line":56,"column":5}},"line":53},"5":{"name":"(anonymous_5)","decl":{"start":{"line":58,"column":11},"end":{"line":58,"column":12}},"loc":{"start":{"line":58,"column":17},"end":{"line":58,"column":43}},"line":58},"6":{"name":"(anonymous_6)","decl":{"start":{"line":61,"column":17},"end":{"line":61,"column":18}},"loc":{"start":{"line":65,"column":22},"end":{"line":80,"column":3}},"line":65},"7":{"name":"(anonymous_7)","decl":{"start":{"line":82,"column":17},"end":{"line":82,"column":18}},"loc":{"start":{"line":82,"column":75},"end":{"line":88,"column":3}},"line":82},"8":{"name":"(anonymous_8)","decl":{"start":{"line":92,"column":20},"end":{"line":92,"column":21}},"loc":{"start":{"line":96,"column":22},"end":{"line":99,"column":3}},"line":96},"9":{"name":"(anonymous_9)","decl":{"start":{"line":102,"column":21},"end":{"line":102,"column":22}},"loc":{"start":{"line":105,"column":22},"end":{"line":108,"column":3}},"line":105},"10":{"name":"(anonymous_10)","decl":{"start":{"line":110,"column":26},"end":{"line":110,"column":27}},"loc":{"start":{"line":111,"column":4},"end":{"line":111,"column":37}},"line":111},"11":{"name":"(anonymous_11)","decl":{"start":{"line":112,"column":27},"end":{"line":112,"column":28}},"loc":{"start":{"line":112,"column":46},"end":{"line":112,"column":73}},"line":112},"12":{"name":"(anonymous_12)","decl":{"start":{"line":115,"column":24},"end":{"line":115,"column":25}},"loc":{"start":{"line":115,"column":51},"end":{"line":124,"column":3}},"line":115},"13":{"name":"(anonymous_13)","decl":{"start":{"line":127,"column":26},"end":{"line":127,"column":27}},"loc":{"start":{"line":127,"column":53},"end":{"line":135,"column":3}},"line":127},"14":{"name":"(anonymous_14)","decl":{"start":{"line":137,"column":18},"end":{"line":137,"column":19}},"loc":{"start":{"line":137,"column":45},"end":{"line":140,"column":3}},"line":137},"15":{"name":"useAuth","decl":{"start":{"line":165,"column":16},"end":{"line":165,"column":23}},"loc":{"start":{"line":165,"column":43},"end":{"line":169,"column":1}},"line":165}},"branchMap":{"0":{"loc":{"start":{"line":30,"column":2},"end":{"line":30,"column":26}},"type":"if","locations":[{"start":{"line":30,"column":2},"end":{"line":30,"column":26}},{"start":{},"end":{}}],"line":30},"1":{"loc":{"start":{"line":31,"column":15},"end":{"line":31,"column":39}},"type":"binary-expr","locations":[{"start":{"line":31,"column":15},"end":{"line":31,"column":33}},{"start":{"line":31,"column":37},"end":{"line":31,"column":39}}],"line":31},"2":{"loc":{"start":{"line":33,"column":4},"end":{"line":33,"column":74}},"type":"binary-expr","locations":[{"start":{"line":33,"column":4},"end":{"line":33,"column":30}},{"start":{"line":33,"column":34},"end":{"line":33,"column":74}}],"line":33},"3":{"loc":{"start":{"line":46,"column":14},"end":{"line":46,"column":35}},"type":"binary-expr","locations":[{"start":{"line":46,"column":14},"end":{"line":46,"column":27}},{"start":{"line":46,"column":31},"end":{"line":46,"column":35}}],"line":46},"4":{"loc":{"start":{"line":55,"column":14},"end":{"line":55,"column":35}},"type":"binary-expr","locations":[{"start":{"line":55,"column":14},"end":{"line":55,"column":27}},{"start":{"line":55,"column":31},"end":{"line":55,"column":35}}],"line":55},"5":{"loc":{"start":{"line":79,"column":4},"end":{"line":79,"column":27}},"type":"if","locations":[{"start":{"line":79,"column":4},"end":{"line":79,"column":27}},{"start":{},"end":{}}],"line":79},"6":{"loc":{"start":{"line":87,"column":4},"end":{"line":87,"column":27}},"type":"if","locations":[{"start":{"line":87,"column":4},"end":{"line":87,"column":27}},{"start":{},"end":{}}],"line":87},"7":{"loc":{"start":{"line":95,"column":4},"end":{"line":95,"column":28}},"type":"default-arg","locations":[{"start":{"line":95,"column":20},"end":{"line":95,"column":28}}],"line":95},"8":{"loc":{"start":{"line":98,"column":4},"end":{"line":98,"column":27}},"type":"if","locations":[{"start":{"line":98,"column":4},"end":{"line":98,"column":27}},{"start":{},"end":{}}],"line":98},"9":{"loc":{"start":{"line":104,"column":4},"end":{"line":104,"column":28}},"type":"default-arg","locations":[{"start":{"line":104,"column":20},"end":{"line":104,"column":28}}],"line":104},"10":{"loc":{"start":{"line":107,"column":4},"end":{"line":107,"column":27}},"type":"if","locations":[{"start":{"line":107,"column":4},"end":{"line":107,"column":27}},{"start":{},"end":{}}],"line":107},"11":{"loc":{"start":{"line":123,"column":4},"end":{"line":123,"column":27}},"type":"if","locations":[{"start":{"line":123,"column":4},"end":{"line":123,"column":27}},{"start":{},"end":{}}],"line":123},"12":{"loc":{"start":{"line":134,"column":4},"end":{"line":134,"column":27}},"type":"if","locations":[{"start":{"line":134,"column":4},"end":{"line":134,"column":27}},{"start":{},"end":{}}],"line":134},"13":{"loc":{"start":{"line":139,"column":4},"end":{"line":139,"column":27}},"type":"if","locations":[{"start":{"line":139,"column":4},"end":{"line":139,"column":27}},{"start":{},"end":{}}],"line":139},"14":{"loc":{"start":{"line":167,"column":2},"end":{"line":167,"column":79}},"type":"if","locations":[{"start":{"line":167,"column":2},"end":{"line":167,"column":79}},{"start":{},"end":{}}],"line":167}},"s":{"0":3,"1":9,"2":2,"3":7,"4":7,"5":8,"6":8,"7":8,"8":8,"9":4,"10":4,"11":4,"12":4,"13":4,"14":0,"15":0,"16":4,"17":4,"18":8,"19":0,"20":0,"21":0,"22":8,"23":0,"24":0,"25":0,"26":8,"27":2,"28":2,"29":0,"30":8,"31":0,"32":0,"33":0,"34":8,"35":1,"36":8,"37":0,"38":8,"39":1,"40":1,"41":0,"42":8,"43":1,"44":1,"45":0,"46":8,"47":0,"48":0,"49":0,"50":8,"51":8,"52":8,"53":0,"54":8},"f":{"0":9,"1":8,"2":4,"3":4,"4":0,"5":4,"6":0,"7":0,"8":2,"9":0,"10":1,"11":0,"12":1,"13":1,"14":0,"15":8},"b":{"0":[2,7],"1":[7,0],"2":[7,4],"3":[4,4],"4":[0,0],"5":[0,0],"6":[0,0],"7":[0],"8":[0,2],"9":[0],"10":[0,0],"11":[0,1],"12":[0,1],"13":[0,0],"14":[0,8]},"_coverageSchema":"1a1c01bbd47fc00a2c39e90264f33305004495a9","hash":"ae30303f2d5d3ee51533af46715573d2cb57f4e2"}
,"/Users/edouardadam/Ecole/TFE/CritEat/hooks/useReviewVote.ts": {"path":"/Users/edouardadam/Ecole/TFE/CritEat/hooks/useReviewVote.ts","statementMap":{"0":{"start":{"line":21,"column":38},"end":{"line":21,"column":53}},"1":{"start":{"line":23,"column":21},"end":{"line":55,"column":3}},"2":{"start":{"line":25,"column":6},"end":{"line":25,"column":26}},"3":{"start":{"line":26,"column":6},"end":{"line":52,"column":7}},"4":{"start":{"line":27,"column":35},"end":{"line":27,"column":64}},"5":{"start":{"line":28,"column":8},"end":{"line":28,"column":54}},"6":{"start":{"line":28,"column":19},"end":{"line":28,"column":54}},"7":{"start":{"line":30,"column":8},"end":{"line":39,"column":9}},"8":{"start":{"line":32,"column":28},"end":{"line":36,"column":38}},"9":{"start":{"line":37,"column":10},"end":{"line":37,"column":33}},"10":{"start":{"line":37,"column":21},"end":{"line":37,"column":33}},"11":{"start":{"line":38,"column":10},"end":{"line":38,"column":22}},"12":{"start":{"line":42,"column":26},"end":{"line":47,"column":11}},"13":{"start":{"line":48,"column":8},"end":{"line":48,"column":31}},"14":{"start":{"line":48,"column":19},"end":{"line":48,"column":31}},"15":{"start":{"line":49,"column":8},"end":{"line":49,"column":20}},"16":{"start":{"line":51,"column":8},"end":{"line":51,"column":29}},"17":{"start":{"line":57,"column":2},"end":{"line":57,"column":36}}},"fnMap":{"0":{"name":"useReviewVote","decl":{"start":{"line":9,"column":16},"end":{"line":9,"column":29}},"loc":{"start":{"line":20,"column":2},"end":{"line":58,"column":1}},"line":20},"1":{"name":"(anonymous_1)","decl":{"start":{"line":24,"column":4},"end":{"line":24,"column":5}},"loc":{"start":{"line":24,"column":76},"end":{"line":53,"column":5}},"line":24}},"branchMap":{"0":{"loc":{"start":{"line":28,"column":8},"end":{"line":28,"column":54}},"type":"if","locations":[{"start":{"line":28,"column":8},"end":{"line":28,"column":54}},{"start":{},"end":{}}],"line":28},"1":{"loc":{"start":{"line":30,"column":8},"end":{"line":39,"column":9}},"type":"if","locations":[{"start":{"line":30,"column":8},"end":{"line":39,"column":9}},{"start":{},"end":{}}],"line":30},"2":{"loc":{"start":{"line":37,"column":10},"end":{"line":37,"column":33}},"type":"if","locations":[{"start":{"line":37,"column":10},"end":{"line":37,"column":33}},{"start":{},"end":{}}],"line":37},"3":{"loc":{"start":{"line":48,"column":8},"end":{"line":48,"column":31}},"type":"if","locations":[{"start":{"line":48,"column":8},"end":{"line":48,"column":31}},{"start":{},"end":{}}],"line":48}},"s":{"0":9,"1":9,"2":5,"3":5,"4":5,"5":5,"6":1,"7":4,"8":1,"9":1,"10":0,"11":1,"12":3,"13":3,"14":0,"15":3,"16":5,"17":9},"f":{"0":9,"1":5},"b":{"0":[1,4],"1":[1,3],"2":[0,1],"3":[0,3]},"_coverageSchema":"1a1c01bbd47fc00a2c39e90264f33305004495a9","hash":"d8747d283ebbede15cab2b707a9f63ca62e8bf4d"}
,"/Users/edouardadam/Ecole/TFE/CritEat/lib/secureStoreAdapter.ts": {"path":"/Users/edouardadam/Ecole/TFE/CritEat/lib/secureStoreAdapter.ts","statementMap":{"0":{"start":{"line":21,"column":19},"end":{"line":21,"column":23}},"1":{"start":{"line":24,"column":17},"end":{"line":24,"column":45}},"2":{"start":{"line":24,"column":34},"end":{"line":24,"column":45}},"3":{"start":{"line":25,"column":17},"end":{"line":25,"column":65}},"4":{"start":{"line":25,"column":45},"end":{"line":25,"column":65}},"5":{"start":{"line":27,"column":14},"end":{"line":27,"column":35}},"6":{"start":{"line":31,"column":54},"end":{"line":33,"column":1}},"7":{"start":{"line":36,"column":14},"end":{"line":36,"column":74}},"8":{"start":{"line":37,"column":2},"end":{"line":37,"column":28}},"9":{"start":{"line":37,"column":19},"end":{"line":37,"column":28}},"10":{"start":{"line":38,"column":12},"end":{"line":38,"column":29}},"11":{"start":{"line":39,"column":2},"end":{"line":39,"column":45}},"12":{"start":{"line":43,"column":37},"end":{"line":43,"column":39}},"13":{"start":{"line":44,"column":2},"end":{"line":46,"column":3}},"14":{"start":{"line":44,"column":15},"end":{"line":44,"column":24}},"15":{"start":{"line":45,"column":4},"end":{"line":45,"column":81}},"16":{"start":{"line":47,"column":2},"end":{"line":47,"column":31}},"17":{"start":{"line":50,"column":52},"end":{"line":100,"column":1}},"18":{"start":{"line":52,"column":4},"end":{"line":52,"column":48}},"19":{"start":{"line":52,"column":15},"end":{"line":52,"column":48}},"20":{"start":{"line":54,"column":18},"end":{"line":54,"column":42}},"21":{"start":{"line":55,"column":4},"end":{"line":55,"column":33}},"22":{"start":{"line":55,"column":21},"end":{"line":55,"column":33}},"23":{"start":{"line":57,"column":28},"end":{"line":57,"column":30}},"24":{"start":{"line":58,"column":4},"end":{"line":64,"column":5}},"25":{"start":{"line":58,"column":17},"end":{"line":58,"column":18}},"26":{"start":{"line":59,"column":19},"end":{"line":59,"column":82}},"27":{"start":{"line":62,"column":6},"end":{"line":62,"column":36}},"28":{"start":{"line":62,"column":24},"end":{"line":62,"column":36}},"29":{"start":{"line":63,"column":6},"end":{"line":63,"column":23}},"30":{"start":{"line":65,"column":4},"end":{"line":65,"column":26}},"31":{"start":{"line":69,"column":4},"end":{"line":69,"column":55}},"32":{"start":{"line":69,"column":15},"end":{"line":69,"column":55}},"33":{"start":{"line":72,"column":29},"end":{"line":72,"column":31}},"34":{"start":{"line":73,"column":4},"end":{"line":75,"column":5}},"35":{"start":{"line":73,"column":17},"end":{"line":73,"column":18}},"36":{"start":{"line":74,"column":6},"end":{"line":74,"column":50}},"37":{"start":{"line":77,"column":4},"end":{"line":77,"column":45}},"38":{"start":{"line":77,"column":29},"end":{"line":77,"column":45}},"39":{"start":{"line":79,"column":26},"end":{"line":79,"column":50}},"40":{"start":{"line":82,"column":4},"end":{"line":84,"column":5}},"41":{"start":{"line":82,"column":17},"end":{"line":82,"column":18}},"42":{"start":{"line":83,"column":6},"end":{"line":83,"column":81}},"43":{"start":{"line":85,"column":4},"end":{"line":85,"column":88}},"44":{"start":{"line":88,"column":4},"end":{"line":90,"column":5}},"45":{"start":{"line":89,"column":6},"end":{"line":89,"column":60}},"46":{"start":{"line":94,"column":4},"end":{"line":94,"column":51}},"47":{"start":{"line":94,"column":15},"end":{"line":94,"column":51}},"48":{"start":{"line":96,"column":18},"end":{"line":96,"column":42}},"49":{"start":{"line":97,"column":4},"end":{"line":97,"column":38}},"50":{"start":{"line":98,"column":4},"end":{"line":98,"column":68}}},"fnMap":{"0":{"name":"(anonymous_0)","decl":{"start":{"line":24,"column":17},"end":{"line":24,"column":18}},"loc":{"start":{"line":24,"column":34},"end":{"line":24,"column":45}},"line":24},"1":{"name":"(anonymous_1)","decl":{"start":{"line":25,"column":17},"end":{"line":25,"column":18}},"loc":{"start":{"line":25,"column":45},"end":{"line":25,"column":65}},"line":25},"2":{"name":"getChunkCount","decl":{"start":{"line":35,"column":15},"end":{"line":35,"column":28}},"loc":{"start":{"line":35,"column":59},"end":{"line":40,"column":1}},"line":35},"3":{"name":"removeChunks","decl":{"start":{"line":42,"column":15},"end":{"line":42,"column":27}},"loc":{"start":{"line":42,"column":90},"end":{"line":48,"column":1}},"line":42},"4":{"name":"(anonymous_4)","decl":{"start":{"line":51,"column":2},"end":{"line":51,"column":3}},"loc":{"start":{"line":51,"column":53},"end":{"line":66,"column":3}},"line":51},"5":{"name":"(anonymous_5)","decl":{"start":{"line":68,"column":2},"end":{"line":68,"column":3}},"loc":{"start":{"line":68,"column":59},"end":{"line":91,"column":3}},"line":68},"6":{"name":"(anonymous_6)","decl":{"start":{"line":93,"column":2},"end":{"line":93,"column":3}},"loc":{"start":{"line":93,"column":47},"end":{"line":99,"column":3}},"line":93}},"branchMap":{"0":{"loc":{"start":{"line":37,"column":2},"end":{"line":37,"column":28}},"type":"if","locations":[{"start":{"line":37,"column":2},"end":{"line":37,"column":28}},{"start":{},"end":{}}],"line":37},"1":{"loc":{"start":{"line":39,"column":9},"end":{"line":39,"column":44}},"type":"cond-expr","locations":[{"start":{"line":39,"column":39},"end":{"line":39,"column":40}},{"start":{"line":39,"column":43},"end":{"line":39,"column":44}}],"line":39},"2":{"loc":{"start":{"line":39,"column":9},"end":{"line":39,"column":36}},"type":"binary-expr","locations":[{"start":{"line":39,"column":9},"end":{"line":39,"column":27}},{"start":{"line":39,"column":31},"end":{"line":39,"column":36}}],"line":39},"3":{"loc":{"start":{"line":52,"column":4},"end":{"line":52,"column":48}},"type":"if","locations":[{"start":{"line":52,"column":4},"end":{"line":52,"column":48}},{"start":{},"end":{}}],"line":52},"4":{"loc":{"start":{"line":55,"column":4},"end":{"line":55,"column":33}},"type":"if","locations":[{"start":{"line":55,"column":4},"end":{"line":55,"column":33}},{"start":{},"end":{}}],"line":55},"5":{"loc":{"start":{"line":62,"column":6},"end":{"line":62,"column":36}},"type":"if","locations":[{"start":{"line":62,"column":6},"end":{"line":62,"column":36}},{"start":{},"end":{}}],"line":62},"6":{"loc":{"start":{"line":69,"column":4},"end":{"line":69,"column":55}},"type":"if","locations":[{"start":{"line":69,"column":4},"end":{"line":69,"column":55}},{"start":{},"end":{}}],"line":69},"7":{"loc":{"start":{"line":77,"column":4},"end":{"line":77,"column":45}},"type":"if","locations":[{"start":{"line":77,"column":4},"end":{"line":77,"column":45}},{"start":{},"end":{}}],"line":77},"8":{"loc":{"start":{"line":88,"column":4},"end":{"line":90,"column":5}},"type":"if","locations":[{"start":{"line":88,"column":4},"end":{"line":90,"column":5}},{"start":{},"end":{}}],"line":88},"9":{"loc":{"start":{"line":94,"column":4},"end":{"line":94,"column":51}},"type":"if","locations":[{"start":{"line":94,"column":4},"end":{"line":94,"column":51}},{"start":{},"end":{}}],"line":94}},"s":{"0":2,"1":2,"2":20,"3":2,"4":27,"5":2,"6":2,"7":13,"8":13,"9":7,"10":6,"11":6,"12":2,"13":2,"14":2,"15":5,"16":2,"17":2,"18":6,"19":0,"20":6,"21":6,"22":2,"23":4,"24":4,"25":4,"26":8,"27":8,"28":0,"29":8,"30":4,"31":6,"32":0,"33":6,"34":6,"35":6,"36":14,"37":6,"38":0,"39":6,"40":6,"41":6,"42":14,"43":6,"44":6,"45":1,"46":1,"47":0,"48":1,"49":1,"50":1},"f":{"0":20,"1":27,"2":13,"3":2,"4":6,"5":6,"6":1},"b":{"0":[7,6],"1":[6,0],"2":[6,6],"3":[0,6],"4":[2,4],"5":[0,8],"6":[0,6],"7":[0,6],"8":[1,5],"9":[0,1]},"_coverageSchema":"1a1c01bbd47fc00a2c39e90264f33305004495a9","hash":"aa11dd693ef954f4916dc8d3b474ea03f3376615"}
}
