TN:
SF:constants/karma.ts
FN:14,getKarma
FNF:1
FNH:1
FNDA:10,getKarma
DA:7,1
DA:15,10
LF:2
LH:2
BRDA:15,0,0,10
BRDA:15,0,1,4
BRF:2
BRH:2
end_of_record
TN:
SF:context/AuthContext.tsx
FN:29,hasValidConsent
FN:37,AuthProvider
FN:42,(anonymous_2)
FN:44,(anonymous_3)
FN:53,(anonymous_4)
FN:58,(anonymous_5)
FN:61,(anonymous_6)
FN:82,(anonymous_7)
FN:92,(anonymous_8)
FN:102,(anonymous_9)
FN:110,(anonymous_10)
FN:112,(anonymous_11)
FN:115,(anonymous_12)
FN:127,(anonymous_13)
FN:137,(anonymous_14)
FN:165,useAuth
FNF:16
FNH:10
FNDA:9,hasValidConsent
FNDA:8,AuthProvider
FNDA:4,(anonymous_2)
FNDA:4,(anonymous_3)
FNDA:0,(anonymous_4)
FNDA:4,(anonymous_5)
FNDA:0,(anonymous_6)
FNDA:0,(anonymous_7)
FNDA:2,(anonymous_8)
FNDA:0,(anonymous_9)
FNDA:1,(anonymous_10)
FNDA:0,(anonymous_11)
FNDA:1,(anonymous_12)
FNDA:1,(anonymous_13)
FNDA:0,(anonymous_14)
FNDA:8,useAuth
DA:26,3
DA:30,9
DA:31,7
DA:32,7
DA:38,8
DA:39,8
DA:40,8
DA:42,8
DA:44,4
DA:45,4
DA:46,4
DA:47,4
DA:53,4
DA:54,0
DA:55,0
DA:58,4
DA:61,8
DA:66,0
DA:79,0
DA:82,8
DA:83,0
DA:87,0
DA:92,8
DA:97,2
DA:98,2
DA:102,8
DA:106,0
DA:107,0
DA:110,8
DA:111,1
DA:112,8
DA:115,8
DA:116,1
DA:123,1
DA:127,8
DA:128,1
DA:134,1
DA:137,8
DA:138,0
DA:139,0
DA:142,8
DA:166,8
DA:167,8
DA:168,8
LF:44
LH:34
BRDA:30,0,0,2
BRDA:30,0,1,7
BRDA:31,1,0,7
BRDA:31,1,1,0
BRDA:33,2,0,7
BRDA:33,2,1,4
BRDA:46,3,0,4
BRDA:46,3,1,4
BRDA:55,4,0,0
BRDA:55,4,1,0
BRDA:79,5,0,0
BRDA:79,5,1,0
BRDA:87,6,0,0
BRDA:87,6,1,0
BRDA:95,7,0,0
BRDA:98,8,0,0
BRDA:98,8,1,2
BRDA:104,9,0,0
BRDA:107,10,0,0
BRDA:107,10,1,0
BRDA:123,11,0,0
BRDA:123,11,1,1
BRDA:134,12,0,0
BRDA:134,12,1,1
BRDA:139,13,0,0
BRDA:139,13,1,0
BRDA:167,14,0,0
BRDA:167,14,1,8
BRF:28
BRH:11
end_of_record
TN:
SF:hooks/useReviewVote.ts
FN:9,useReviewVote
FN:24,(anonymous_1)
FNF:2
FNH:2
FNDA:9,useReviewVote
FNDA:5,(anonymous_1)
DA:21,9
DA:23,9
DA:25,5
DA:26,5
DA:27,5
DA:28,5
DA:30,4
DA:32,1
DA:37,1
DA:38,1
DA:42,3
DA:48,3
DA:49,3
DA:51,5
DA:57,9
LF:15
LH:15
BRDA:28,0,0,1
BRDA:28,0,1,4
BRDA:30,1,0,1
BRDA:30,1,1,3
BRDA:37,2,0,0
BRDA:37,2,1,1
BRDA:48,3,0,0
BRDA:48,3,1,3
BRF:8
BRH:6
end_of_record
TN:
SF:lib/secureStoreAdapter.ts
FN:24,(anonymous_0)
FN:25,(anonymous_1)
FN:35,getChunkCount
FN:42,removeChunks
FN:51,(anonymous_4)
FN:68,(anonymous_5)
FN:93,(anonymous_6)
FNF:7
FNH:7
FNDA:20,(anonymous_0)
FNDA:27,(anonymous_1)
FNDA:13,getChunkCount
FNDA:2,removeChunks
FNDA:6,(anonymous_4)
FNDA:6,(anonymous_5)
FNDA:1,(anonymous_6)
DA:21,2
DA:24,20
DA:25,27
DA:27,2
DA:31,2
DA:36,13
DA:37,13
DA:38,6
DA:39,6
DA:43,2
DA:44,2
DA:45,5
DA:47,2
DA:50,2
DA:52,6
DA:54,6
DA:55,6
DA:57,4
DA:58,4
DA:59,8
DA:62,8
DA:63,8
DA:65,4
DA:69,6
DA:72,6
DA:73,6
DA:74,14
DA:77,6
DA:79,6
DA:82,6
DA:83,14
DA:85,6
DA:88,6
DA:89,1
DA:94,1
DA:96,1
DA:97,1
DA:98,1
LF:38
LH:38
BRDA:37,0,0,7
BRDA:37,0,1,6
BRDA:39,1,0,6
BRDA:39,1,1,0
BRDA:39,2,0,6
BRDA:39,2,1,6
BRDA:52,3,0,0
BRDA:52,3,1,6
BRDA:55,4,0,2
BRDA:55,4,1,4
BRDA:62,5,0,0
BRDA:62,5,1,8
BRDA:69,6,0,0
BRDA:69,6,1,6
BRDA:77,7,0,0
BRDA:77,7,1,6
BRDA:88,8,0,1
BRDA:88,8,1,5
BRDA:94,9,0,0
BRDA:94,9,1,1
BRF:20
BRH:14
end_of_record
